# Activity Log

> Real-time tool call logging from stream-parser.


═══════════════════════════════════════════════════════════════
Ralph Session Started: Fri Jan 16 14:43:46 EST 2026
═══════════════════════════════════════════════════════════════
[14:43:49] 🟢 TOKENS: 0 / 80000 (0%)

═══════════════════════════════════════════════════════════════
Ralph Session Started: Fri Jan 16 14:43:51 EST 2026
═══════════════════════════════════════════════════════════════
[14:43:55] 🟢 TOKENS: 0 / 80000 (0%)

═══════════════════════════════════════════════════════════════
Ralph Session Started: Fri Jan 16 14:43:57 EST 2026
═══════════════════════════════════════════════════════════════
[14:43:59] 🟢 TOKENS: 0 / 80000 (0%)

═══════════════════════════════════════════════════════════════
Ralph Session Started: Fri Jan 16 14:44:01 EST 2026
═══════════════════════════════════════════════════════════════
[14:44:06] 🟢 TOKENS: 0 / 80000 (0%)

═══════════════════════════════════════════════════════════════
Ralph Session Started: Fri Jan 16 14:44:08 EST 2026
═══════════════════════════════════════════════════════════════
[14:44:16] 🟢 TOKENS: 0 / 80000 (0%)

═══════════════════════════════════════════════════════════════
Ralph Session Started: Fri Jan 16 14:44:18 EST 2026
═══════════════════════════════════════════════════════════════
[14:44:27] 🟢 TOKENS: 0 / 80000 (0%)

═══════════════════════════════════════════════════════════════
Ralph Session Started: Fri Jan 16 14:44:29 EST 2026
═══════════════════════════════════════════════════════════════
[14:44:31] 🟢 TOKENS: 0 / 80000 (0%)

═══════════════════════════════════════════════════════════════
Ralph Session Started: Fri Jan 16 14:47:23 EST 2026
═══════════════════════════════════════════════════════════════
[14:47:26] 🟢 TOKENS: 0 / 80000 (0%)

═══════════════════════════════════════════════════════════════
Ralph Session Started: Fri Jan 16 14:47:28 EST 2026
═══════════════════════════════════════════════════════════════
[14:47:30] 🟢 TOKENS: 0 / 80000 (0%)

═══════════════════════════════════════════════════════════════
Ralph Session Started: Fri Jan 16 14:47:32 EST 2026
═══════════════════════════════════════════════════════════════
[14:47:39] 🟢 TOKENS: 0 / 80000 (0%)

═══════════════════════════════════════════════════════════════
Ralph Session Started: Fri Jan 16 14:47:41 EST 2026
═══════════════════════════════════════════════════════════════
[14:47:43] 🟢 TOKENS: 0 / 80000 (0%)

═══════════════════════════════════════════════════════════════
Ralph Session Started: Fri Jan 16 14:47:46 EST 2026
═══════════════════════════════════════════════════════════════
[14:47:48] 🟢 TOKENS: 0 / 80000 (0%)

═══════════════════════════════════════════════════════════════
Ralph Session Started: Fri Jan 16 14:47:50 EST 2026
═══════════════════════════════════════════════════════════════
[14:47:52] 🟢 TOKENS: 0 / 80000 (0%)

═══════════════════════════════════════════════════════════════
Ralph Session Started: Fri Jan 16 14:47:54 EST 2026
═══════════════════════════════════════════════════════════════
[14:47:56] 🟢 TOKENS: 0 / 80000 (0%)

═══════════════════════════════════════════════════════════════
Ralph Session Started: Fri Jan 16 14:47:58 EST 2026
═══════════════════════════════════════════════════════════════
[14:48:00] 🟢 TOKENS: 0 / 80000 (0%)

═══════════════════════════════════════════════════════════════
Ralph Session Started: Fri Jan 16 14:48:03 EST 2026
═══════════════════════════════════════════════════════════════
[14:48:05] 🟢 TOKENS: 0 / 80000 (0%)

═══════════════════════════════════════════════════════════════
Ralph Session Started: Fri Jan 16 14:48:07 EST 2026
═══════════════════════════════════════════════════════════════
[14:48:11] 🟢 TOKENS: 0 / 80000 (0%)

═══════════════════════════════════════════════════════════════
Ralph Session Started: Fri Jan 16 14:48:13 EST 2026
═══════════════════════════════════════════════════════════════
[14:48:15] 🟢 TOKENS: 0 / 80000 (0%)

═══════════════════════════════════════════════════════════════
Ralph Session Started: Fri Jan 16 14:48:18 EST 2026
═══════════════════════════════════════════════════════════════
[14:48:20] 🟢 TOKENS: 0 / 80000 (0%)

═══════════════════════════════════════════════════════════════
Ralph Session Started: Fri Jan 16 14:48:22 EST 2026
═══════════════════════════════════════════════════════════════
[14:48:25] 🟢 TOKENS: 0 / 80000 (0%)

═══════════════════════════════════════════════════════════════
Ralph Session Started: Fri Jan 16 14:48:27 EST 2026
═══════════════════════════════════════════════════════════════
[14:48:30] 🟢 TOKENS: 0 / 80000 (0%)

═══════════════════════════════════════════════════════════════
Ralph Session Started: Fri Jan 16 14:58:43 EST 2026
═══════════════════════════════════════════════════════════════
